c:\users\15122\desktop\2020study\c++\0.helloworld\debug\vc142.pdb
c:\users\15122\desktop\2020study\c++\0.helloworld\debug\vc142.idb
c:\users\15122\desktop\2020study\c++\0.helloworld\debug\03字符型.obj
c:\users\15122\desktop\2020study\c++\0.helloworld\debug\02浮点型.obj
c:\users\15122\desktop\2020study\c++\0.helloworld\debug\01整型.obj
c:\users\15122\desktop\2020study\c++\0.helloworld\debug\helloworld.obj
c:\users\15122\desktop\2020study\c++\0.helloworld\debug\08流程控制-if.obj
c:\users\15122\desktop\2020study\c++\0.helloworld\debug\07算术运算符.obj
c:\users\15122\desktop\2020study\c++\0.helloworld\debug\06数据的输入.obj
c:\users\15122\desktop\2020study\c++\0.helloworld\debug\05布尔型.obj
c:\users\15122\desktop\2020study\c++\0.helloworld\debug\04字符串.obj
c:\users\15122\desktop\2020study\c++\0.helloworld\debug\09流程控制-循环.obj
c:\users\15122\desktop\2020study\c++\0.helloworld\debug\10-99乘法表.obj
c:\users\15122\desktop\2020study\c++\0.helloworld\debug\0.helloworld.exe
c:\users\15122\desktop\2020study\c++\0.helloworld\debug\0.helloworld.ilk
c:\users\15122\desktop\2020study\c++\0.helloworld\debug\0.helloworld.pdb
c:\users\15122\desktop\2020study\c++\0.helloworld\debug\0.helloworld.tlog\cl.command.1.tlog
c:\users\15122\desktop\2020study\c++\0.helloworld\debug\0.helloworld.tlog\cl.read.1.tlog
c:\users\15122\desktop\2020study\c++\0.helloworld\debug\0.helloworld.tlog\cl.write.1.tlog
c:\users\15122\desktop\2020study\c++\0.helloworld\debug\0.helloworld.tlog\link.command.1.tlog
c:\users\15122\desktop\2020study\c++\0.helloworld\debug\0.helloworld.tlog\link.read.1.tlog
c:\users\15122\desktop\2020study\c++\0.helloworld\debug\0.helloworld.tlog\link.write.1.tlog
